
> enterprise-architecture@0.1.0 build
> next build

Î“Ă»â–“ Next.js 16.1.3 (Turbopack)
- Environments: .env
- Experiments (use with caution):
  â”¬â•– serverActions

Î“ĂśĂˇ The "middleware" file convention is deprecated. Please use "proxy" instead. Learn more: https://nextjs.org/docs/messages/middleware-to-proxy
  Creating an optimized production build ...
Î“ÂŁĂ´ Compiled successfully in 18.7s
  Running TypeScript ...
  Collecting page data using 7 workers ...
  Generating static pages using 7 workers (0/21) ...
  Generating static pages using 7 workers (5/21) 
  Generating static pages using 7 workers (10/21) 
  Generating static pages using 7 workers (15/21) 
Î“ÂŁĂ´ Generating static pages using 7 workers (21/21) in 1950.8ms
  Finalizing page optimization ...

Route (app)
Î“Ă¶Ă® Î“ĂąĂŻ /
Î“Ă¶ÂŁ Î“ĂąĂŻ /_not-found
Î“Ă¶ÂŁ â•žĂ† /api/access-logs
Î“Ă¶ÂŁ â•žĂ† /api/auth/login
Î“Ă¶ÂŁ â•žĂ† /api/catalog
Î“Ă¶ÂŁ â•žĂ† /api/catalog/graph
Î“Ă¶ÂŁ â•žĂ† /api/components
Î“Ă¶ÂŁ â•žĂ† /api/components/import
Î“Ă¶ÂŁ â•žĂ† /api/gaps/[gapId]
Î“Ă¶ÂŁ â•žĂ† /api/gaps/[gapId]/changes
Î“Ă¶ÂŁ â•žĂ† /api/gaps/[gapId]/phases
Î“Ă¶ÂŁ â•žĂ† /api/logs
Î“Ă¶ÂŁ â•žĂ† /api/projects
Î“Ă¶ÂŁ â•žĂ† /api/projects/[id]
Î“Ă¶ÂŁ â•žĂ† /api/projects/[id]/adopt-target
Î“Ă¶ÂŁ â•žĂ† /api/projects/[id]/changes
Î“Ă¶ÂŁ â•žĂ† /api/projects/[id]/gaps
Î“Ă¶ÂŁ â•žĂ† /api/projects/[id]/mapping/[componentId]
Î“Ă¶ÂŁ â•žĂ† /api/projects/[id]/versions
Î“Ă¶ÂŁ â•žĂ† /api/projects/[id]/views
Î“Ă¶ÂŁ â•žĂ† /api/projects/seed-sample
Î“Ă¶ÂŁ â•žĂ† /api/relationships
Î“Ă¶ÂŁ â•žĂ† /components
Î“Ă¶ÂŁ â•žĂ† /dashboard
Î“Ă¶ÂŁ â•žĂ† /gap-analysis
Î“Ă¶ÂŁ â•žĂ† /gap-analysis/[projectId]
Î“Ă¶ÂŁ â•žĂ† /import
Î“Ă¶ÂŁ Î“ĂąĂŻ /login
Î“Ă¶ÂŁ â•žĂ† /mind-map
Î“Ă¶ÂŁ â•žĂ† /projects
Î“Ă¶ÂŁ â•žĂ† /projects/[id]
Î“Ă¶Ă¶ â•žĂ† /users


â•žĂ† Proxy (Middleware)

Î“ĂąĂŻ  (Static)   prerendered as static content
â•žĂ†  (Dynamic)  server-rendered on demand

